RESERVED	actor
IDENTIFIER	test3
OPERATOR	{
RESERVED	if
OPERATOR	(
IDENTIFIER	x
OPERATOR	+
IDENTIFIER	y
OPERATOR	<
NUMERIC	INTEGER	13
OPERATOR	)
OPERATOR	{
RESERVED	if
OPERATOR	(
IDENTIFIER	x
OPERATOR	=
NUMERIC	INTEGER	13
OPERATOR	==
NUMERIC	INTEGER	13
OPERATOR	)
OPERATOR	{
RESERVED	return
NUMERIC	INTEGER	19
OPERATOR	}
OPERATOR	}
IDENTIFIER	z
OPERATOR	=
NUMERIC	INTEGER	0
RESERVED	for
OPERATOR	(
IDENTIFIER	x
OPERATOR	=
NUMERIC	INTEGER	16
IDENTIFIER	y
OPERATOR	=
NUMERIC	INTEGER	19
OPERATOR	;
NUMERIC	INTEGER	19
OPERATOR	<
NUMERIC	INTEGER	2
OPERATOR	;
IDENTIFIER	x
OPERATOR	++
IDENTIFIER	y
OPERATOR	++
OPERATOR	)
OPERATOR	{
IDENTIFIER	z
OPERATOR	+
